1715003007791	geckodriver	INFO	Listening on 127.0.0.1:61799
1715003007813	mozrunner::runner	INFO	Running command: MOZ_CRASHREPORTER="1" MOZ_CRASHREPORTER_NO_REPORT="1" MOZ_CRASHREPORTER_SHUTDOWN="1" MOZ_NO_REMOTE="1" "/App ... s" "localhost" "-foreground" "-no-remote" "-profile" "/var/folders/66/v9zmf0pn5p18jnhnr4_7x2r80000gn/T/rust_mozprofileAQYWVP"
console.warn: services.settings: Ignoring preference override of remote settings server
console.warn: services.settings: Allow by setting MOZ_REMOTE_SETTINGS_DEVTOOLS=1 in the environment
1715003007999	Marionette	INFO	Marionette enabled
console.error: "Warning: unrecognized command line flag" "-remote-allow-hosts"
1715003008155	Marionette	INFO	Listening on port 61808
WebDriver BiDi listening on ws://127.0.0.1:61800
Read port: 61808
1715003008315	RemoteAgent	WARN	TLS certificate errors will be ignored for this session
UNSUPPORTED (log once): POSSIBLE ISSUE: unit 1 GLD_TEXTURE_INDEX_2D is unloadable and bound to sampler type (Float) - using zero texture because texture unloadable
DevTools listening on ws://127.0.0.1:61800/devtools/browser/ea517285-1175-4a1d-a9e4-f9fe5b494d01
JavaScript warning: https://images-na.ssl-images-amazon.com/images/I/8177uTcYaeL.js?AUIClients/FWCIMAssets, line 298: WEBGL_debug_renderer_info is deprecated in Firefox and will be removed. Please use RENDERER.
JavaScript warning: https://images-na.ssl-images-amazon.com/images/I/8177uTcYaeL.js?AUIClients/FWCIMAssets, line 298: WEBGL_debug_renderer_info is deprecated in Firefox and will be removed. Please use RENDERER.
1715003038077	addons.xpi	ERROR	System addon update list error SyntaxError: XMLHttpRequest.open: 'http://%(server)s/dummy-system-addons.xml' is not a valid URL.
JavaScript error: resource://gre/modules/PrivateBrowsingUtils.sys.mjs, line 19: TypeError: aWindow is null
JavaScript warning: https://images-na.ssl-images-amazon.com/images/I/A1bfdSKFkcL.js?AUIClients/ACICAssets, line 249: Script terminated by timeout at:
./node_modules/@amzn/katal-logger/dist/index.js/KatalLogger/this.sendLogsToBackend@https://images-na.ssl-images-amazon.com/images/I/A1bfdSKFkcL.js?AUIClients/ACICAssets:249:9
./node_modules/@amzn/katal-logger/dist/index.js/KatalLogger/<@https://images-na.ssl-images-amazon.com/images/I/A1bfdSKFkcL.js?AUIClients/ACICAssets:283:19

JavaScript error: , line 0: NotFoundError: No such JSWindowActor 'DevToolsFrame'
1715003687361	Marionette	INFO	Stopped listening on port 61808
